<?xml version="1.0" encoding="UTF-8"?>
<!-- Generated by org.testng.reporters.JUnitXMLReporter -->
<testsuite ignored="0" hostname="DESKTOP-DFIPNC6" failures="0" tests="10" name="Test" time="3.999" errors="0" timestamp="2023-07-31T23:36:01 ICT">
  <testcase classname="com.api.auto.testcase.TC_API_Login" name="TC01_Validate200Ok" time="0.011"/>
  <testcase classname="com.api.auto.testcase.TC_API_Login" name="TC02_ValidateMessage" time="0.755"/>
  <testcase classname="com.api.auto.testcase.TC_API_Login" name="TC03_ValidateToken" time="0.033"/>
  <testcase classname="com.api.auto.testcase.TC_API_Login" name="TC04_ValidateUserType" time="0.048"/>
  <testcase classname="com.api.auto.testcase.TC_API_Login" name="TC05_ValidateAccount" time="0.1"/>
  <testcase classname="com.api.auto.testcase.TC_API_CreateWork" name="TC01_Validate201Created" time="0.001"/>
  <testcase classname="com.api.auto.testcase.TC_API_CreateWork" name="TC02_ValidateWorkId" time="0.003"/>
  <testcase classname="com.api.auto.testcase.TC_API_CreateWork" name="TC03_ValidateNameOfWorkMatched" time="0.019"/>
  <testcase classname="com.api.auto.testcase.TC_API_CreateWork" name="TC04_ValidateExperienceMatched" time="0.016"/>
  <testcase classname="com.api.auto.testcase.TC_API_CreateWork" name="TC05_ValidateEducationMatched" time="0.016"/>
</testsuite> <!-- Test -->
